<?xml version="1.0" encoding="UTF-8"?>
<testng-results ignored="0" total="1" passed="1" failed="0" skipped="0">
  <reporter-output>
  </reporter-output>
  <suite started-at="2021-03-30T16:50:18 IST" name="Default suite" finished-at="2021-03-30T16:50:30 IST" duration-ms="12170">
    <groups>
      <group name="cucumber">
        <method signature="AbstractTestNGCucumberTests.feature(cucumber.api.testng.CucumberFeatureWrapper)[pri:0, instance:testRunner.Testrunner@48aaecc3]" name="feature" class="cucumber.api.testng.AbstractTestNGCucumberTests"/>
      </group> <!-- cucumber -->
    </groups>
    <test started-at="2021-03-30T16:50:18 IST" name="Default test" finished-at="2021-03-30T16:50:30 IST" duration-ms="12170">
      <class name="testRunner.Testrunner">
        <test-method is-config="true" signature="setUpClass()[pri:0, instance:testRunner.Testrunner@48aaecc3]" started-at="2021-03-30T16:50:18 IST" name="setUpClass" finished-at="2021-03-30T16:50:18 IST" duration-ms="382" status="PASS">
          <reporter-output>
          </reporter-output>
        </test-method> <!-- setUpClass -->
        <test-method signature="feature(cucumber.api.testng.CucumberFeatureWrapper)[pri:0, instance:testRunner.Testrunner@48aaecc3]" started-at="2021-03-30T16:50:18 IST" name="feature" description="Runs Cucumber Feature" data-provider="features" finished-at="2021-03-30T16:50:30 IST" duration-ms="11613" status="PASS">
          <params>
            <param index="0">
              <value>
                <![CDATA[QTRecognition App Login]]>
              </value>
            </param>
          </params>
          <reporter-output>
          </reporter-output>
        </test-method> <!-- feature -->
        <test-method is-config="true" signature="tearDownClass()[pri:0, instance:testRunner.Testrunner@48aaecc3]" started-at="2021-03-30T16:50:30 IST" name="tearDownClass" finished-at="2021-03-30T16:50:30 IST" duration-ms="9" status="PASS">
          <reporter-output>
          </reporter-output>
        </test-method> <!-- tearDownClass -->
      </class> <!-- testRunner.Testrunner -->
    </test> <!-- Default test -->
  </suite> <!-- Default suite -->
</testng-results>
