<?xml version="1.0" encoding="UTF-8"?>
<!-- Generated by org.testng.reporters.JUnitXMLReporter -->
<testsuite ignored="1" hostname="QT-INBG-LT0089" failures="0" tests="3" name="Crerditcard" time="0.069" errors="0" timestamp="2021-03-18T10:42:01 IST">
  <testcase classname="testNG.Clsone" name="MobileCreditcard1" time="0.01"/>
  <testcase classname="testNG.Clstwo" name="WebCreditcard1" time="0.002"/>
  <testcase classname="testNG.Clstwo" name="WebCreditcard2" time="0.002"/>
  <testcase classname="testNG.Clsone" name="MobileCreditcard2" time="0.0">
    <ignored/>
  </testcase> <!-- MobileCreditcard2 -->
</testsuite> <!-- Crerditcard -->
