<?xml version="1.0" encoding="UTF-8"?>
<!-- Generated by org.testng.reporters.JUnitXMLReporter -->
<testsuite ignored="0" hostname="QT-INBG-LT0089" failures="0" tests="4" name="Debitcard" time="0.02" errors="0" timestamp="2021-03-18T10:42:01 IST">
  <testcase classname="testNG.Clsthree" name="MobileDebitcard1" time="0.002"/>
  <testcase classname="testNG.Clsthree" name="MobileDebitcard2" time="0.001"/>
  <testcase classname="testNG.Clsfour" name="WebDebitcard1" time="0.002"/>
  <testcase classname="testNG.Clsfour" name="WebDebitcard2" time="0.001"/>
</testsuite> <!-- Debitcard -->
