<?xml version="1.0" encoding="UTF-8"?>
<testng-results ignored="0" total="1" passed="1" failed="0" skipped="0">
  <reporter-output>
  </reporter-output>
  <suite started-at="2021-03-20T10:58:12 IST" name="Default suite" finished-at="2021-03-20T10:58:29 IST" duration-ms="17523">
    <groups>
    </groups>
    <test started-at="2021-03-20T10:58:12 IST" name="Default test" finished-at="2021-03-20T10:58:29 IST" duration-ms="17523">
      <class name="testCases.LoginTestCases">
        <test-method signature="login()[pri:0, instance:testCases.LoginTestCases@7f1302d6]" started-at="2021-03-20T10:58:12 IST" name="login" finished-at="2021-03-20T10:58:29 IST" duration-ms="17412" status="PASS">
          <reporter-output>
          </reporter-output>
        </test-method> <!-- login -->
      </class> <!-- testCases.LoginTestCases -->
    </test> <!-- Default test -->
  </suite> <!-- Default suite -->
</testng-results>
