<?xml version="1.0" encoding="UTF-8"?>
<testng-results ignored="0" total="1" passed="1" failed="0" skipped="0">
  <reporter-output>
  </reporter-output>
  <suite started-at="2021-04-08T11:40:45 IST" name="Default suite" finished-at="2021-04-08T11:40:50 IST" duration-ms="5304">
    <groups>
    </groups>
    <test started-at="2021-04-08T11:40:45 IST" name="Default test" finished-at="2021-04-08T11:40:50 IST" duration-ms="5304">
      <class name="ApiTestImpl.ApiAssessment.Weather_Update">
        <test-method is-config="true" signature="Bsuite()[pri:0, instance:ApiTestImpl.ApiAssessment.Weather_Update@45b9a632]" started-at="2021-04-08T11:40:45 IST" name="Bsuite" finished-at="2021-04-08T11:40:45 IST" duration-ms="584" status="PASS">
          <reporter-output>
          </reporter-output>
        </test-method> <!-- Bsuite -->
        <test-method signature="weather_update()[pri:0, instance:ApiTestImpl.ApiAssessment.Weather_Update@45b9a632]" started-at="2021-04-08T11:40:45 IST" name="weather_update" finished-at="2021-04-08T11:40:50 IST" duration-ms="5259" status="PASS">
          <reporter-output>
          </reporter-output>
        </test-method> <!-- weather_update -->
      </class> <!-- ApiTestImpl.ApiAssessment.Weather_Update -->
    </test> <!-- Default test -->
  </suite> <!-- Default suite -->
</testng-results>
