<?xml version="1.0" encoding="UTF-8"?>
<testng-results ignored="0" total="5" passed="5" failed="0" skipped="0">
  <reporter-output>
  </reporter-output>
  <suite started-at="2021-04-05T19:08:39 IST" name="Default suite" finished-at="2021-04-05T19:08:46 IST" duration-ms="7422">
    <groups>
    </groups>
    <test started-at="2021-04-05T19:08:39 IST" name="Default test" finished-at="2021-04-05T19:08:46 IST" duration-ms="7422">
      <class name="test.TestScript">
        <test-method is-config="true" signature="precondition()[pri:0, instance:test.TestScript@291ae]" started-at="2021-04-05T19:08:39 IST" name="precondition" finished-at="2021-04-05T19:08:39 IST" duration-ms="11" status="PASS">
          <reporter-output>
          </reporter-output>
        </test-method> <!-- precondition -->
        <test-method signature="search_for_tweets()[pri:0, instance:test.TestScript@291ae]" started-at="2021-04-05T19:08:39 IST" name="search_for_tweets" finished-at="2021-04-05T19:08:42 IST" duration-ms="3247" status="PASS">
          <reporter-output>
          </reporter-output>
        </test-method> <!-- search_for_tweets -->
        <test-method signature="trending_HashTag(java.lang.String, java.lang.String)[pri:0, instance:test.TestScript@291ae]" started-at="2021-04-05T19:08:42 IST" name="trending_HashTag" data-provider="locations" finished-at="2021-04-05T19:08:44 IST" duration-ms="1592" status="PASS">
          <params>
            <param index="0">
              <value>
                <![CDATA[india]]>
              </value>
            </param>
            <param index="1">
              <value>
                <![CDATA[23424848]]>
              </value>
            </param>
          </params>
          <reporter-output>
          </reporter-output>
        </test-method> <!-- trending_HashTag -->
        <test-method signature="trending_HashTag(java.lang.String, java.lang.String)[pri:0, instance:test.TestScript@291ae]" started-at="2021-04-05T19:08:44 IST" name="trending_HashTag" data-provider="locations" finished-at="2021-04-05T19:08:44 IST" duration-ms="545" status="PASS">
          <params>
            <param index="0">
              <value>
                <![CDATA[US]]>
              </value>
            </param>
            <param index="1">
              <value>
                <![CDATA[23424977]]>
              </value>
            </param>
          </params>
          <reporter-output>
          </reporter-output>
        </test-method> <!-- trending_HashTag -->
        <test-method signature="trending_HashTag(java.lang.String, java.lang.String)[pri:0, instance:test.TestScript@291ae]" started-at="2021-04-05T19:08:44 IST" name="trending_HashTag" data-provider="locations" finished-at="2021-04-05T19:08:46 IST" duration-ms="1462" status="PASS">
          <params>
            <param index="0">
              <value>
                <![CDATA[UK]]>
              </value>
            </param>
            <param index="1">
              <value>
                <![CDATA[23424975]]>
              </value>
            </param>
          </params>
          <reporter-output>
          </reporter-output>
        </test-method> <!-- trending_HashTag -->
        <test-method signature="trending_HashTag(java.lang.String, java.lang.String)[pri:0, instance:test.TestScript@291ae]" started-at="2021-04-05T19:08:46 IST" name="trending_HashTag" data-provider="locations" finished-at="2021-04-05T19:08:46 IST" duration-ms="503" status="PASS">
          <params>
            <param index="0">
              <value>
                <![CDATA[Israel]]>
              </value>
            </param>
            <param index="1">
              <value>
                <![CDATA[23424852]]>
              </value>
            </param>
          </params>
          <reporter-output>
          </reporter-output>
        </test-method> <!-- trending_HashTag -->
      </class> <!-- test.TestScript -->
    </test> <!-- Default test -->
  </suite> <!-- Default suite -->
</testng-results>
