<?xml version="1.0" encoding="UTF-8"?>
<!-- Generated by org.testng.reporters.JUnitXMLReporter -->
<testsuite ignored="0" hostname="QT-INBG-LT0089" failures="0" tests="5" name="Default test" time="7.422" errors="0" timestamp="2021-04-05T19:08:46 IST">
  <testcase classname="test.TestScript" name="search_for_tweets" time="3.247"/>
  <testcase classname="test.TestScript" name="trending_HashTag" time="1.592"/>
  <testcase classname="test.TestScript" name="trending_HashTag" time="0.545"/>
  <testcase classname="test.TestScript" name="trending_HashTag" time="1.462"/>
  <testcase classname="test.TestScript" name="trending_HashTag" time="0.503"/>
</testsuite> <!-- Default test -->
