<?xml version="1.0" encoding="UTF-8"?>
<!-- Generated by org.testng.reporters.JUnitXMLReporter -->
<testsuite ignored="1" hostname="QT-INBG-LT0089" failures="2" tests="2" name="Module2" time="16.797" errors="0" timestamp="2021-03-26T10:07:24 IST">
  <testcase classname="Module2.Checkusername" name="checkUsername" time="10.785">
    <failure type="java.lang.NullPointerException" message="Cannot invoke &amp;quot;java.util.Properties.getProperty(String)&amp;quot; because &amp;quot;this.prop&amp;quot; is null">
      <![CDATA[java.lang.NullPointerException: Cannot invoke "java.util.Properties.getProperty(String)" because "this.prop" is null
at Module2.Checkusername.checkUsername(Checkusername.java:18)
at java.base/java.util.ArrayList.forEach(ArrayList.java:1511)
... Removed 27 stack frames]]>
    </failure>
  </testcase> <!-- checkUsername -->
  <testcase classname="Module2.CheckTitle" name="CheckTitle" time="5.413">
    <failure type="java.lang.AssertionError" message="expected [QTRecognitions] but found [QTRecognition]">
      <![CDATA[java.lang.AssertionError: expected [QTRecognitions] but found [QTRecognition]
at Module2.CheckTitle.CheckTitle(CheckTitle.java:19)
at java.base/java.util.ArrayList.forEach(ArrayList.java:1511)
... Removed 33 stack frames]]>
    </failure>
  </testcase> <!-- CheckTitle -->
  <testcase classname="resources.Base" name="@BeforeSuite Bsuite" time="0.0">
    <ignored/>
  </testcase> <!-- @BeforeSuite Bsuite -->
</testsuite> <!-- Module2 -->
