<?xml version="1.0" encoding="UTF-8"?>
<!-- Generated by org.testng.reporters.JUnitXMLReporter -->
<testsuite ignored="0" hostname="QT-INBG-LT0089" failures="0" tests="12" name="Creditcard" time="0.119" errors="0" timestamp="2021-03-19T10:52:01 IST">
  <testcase classname="testNG.Clsfour" name="WebDebitcard1" time="0.007"/>
  <testcase classname="testNG.Clsfour" name="WebDebitcard2" time="0.002"/>
  <testcase classname="testNG.Clsone" name="ATest" time="0.001"/>
  <testcase classname="testNG.Clsone" name="MobileCreditcard1" time="0.002"/>
  <testcase classname="testNG.Clsone" name="MobileCreditcard2" time="0.003"/>
  <testcase classname="testNG.Clsthree" name="MobileDebitcard1" time="0.002"/>
  <testcase classname="testNG.Clsthree" name="MobileDebitcard2" time="0.002"/>
  <testcase classname="testNG.Clstwo" name="MobiledebitCardMethod1" time="0.002"/>
  <testcase classname="testNG.Clstwo" name="MobiledebitCardMethod1" time="0.005"/>
  <testcase classname="testNG.Clstwo" name="MobiledebitCardMethod1" time="0.002"/>
  <testcase classname="testNG.Clstwo" name="WebCreditcard1" time="0.003"/>
  <testcase classname="testNG.Clstwo" name="WebCreditcard2" time="0.002"/>
</testsuite> <!-- Creditcard -->
