<?xml version="1.0" encoding="UTF-8"?>
<testng-results ignored="0" total="1" passed="1" failed="0" skipped="0">
  <reporter-output>
  </reporter-output>
  <suite started-at="2021-03-25T13:02:07 IST" name="Default suite" finished-at="2021-03-25T13:02:26 IST" duration-ms="19419">
    <groups>
    </groups>
    <test started-at="2021-03-25T13:02:07 IST" name="Default test" finished-at="2021-03-25T13:02:26 IST" duration-ms="19419">
      <class name="Module6.KudosFrmMe">
        <test-method is-config="true" signature="Bsuite()[pri:0, instance:Module6.KudosFrmMe@163e4e87]" started-at="2021-03-25T13:02:06 IST" name="Bsuite" finished-at="2021-03-25T13:02:07 IST" duration-ms="941" status="PASS">
          <reporter-output>
          </reporter-output>
        </test-method> <!-- Bsuite -->
        <test-method signature="kudosFrmMe()[pri:0, instance:Module6.KudosFrmMe@163e4e87]" started-at="2021-03-25T13:02:07 IST" name="kudosFrmMe" finished-at="2021-03-25T13:02:26 IST" duration-ms="19370" status="PASS">
          <reporter-output>
          </reporter-output>
        </test-method> <!-- kudosFrmMe -->
      </class> <!-- Module6.KudosFrmMe -->
    </test> <!-- Default test -->
  </suite> <!-- Default suite -->
</testng-results>
